[Wed May  6 16:47:24.536 2015] [ 6832] listening on all interfaces, port=9312
[Wed May  6 16:47:24.536 2015] [ 6832] listening on all interfaces, port=9306
[Wed May  6 16:47:24.537 2015] [ 6832] WARNING: index 'test1': preload: failed to open C:/sphinx/data/test1.sph: No such file or directory; NOT SERVING
[Wed May  6 16:47:24.537 2015] [ 6832] FATAL: no valid indexes to serve
[Wed May  6 16:48:13.946 2015] [ 7880] listening on all interfaces, port=9312
[Wed May  6 16:48:13.946 2015] [ 7880] listening on all interfaces, port=9306
[Wed May  6 16:48:13.947 2015] [ 7880] WARNING: index 'test1': preload: failed to open C:/sphinx/data/test1.sph: No such file or directory; NOT SERVING
[Wed May  6 16:48:13.947 2015] [ 7880] FATAL: no valid indexes to serve
[Wed May  6 16:52:38.991 2015] [ 8216] listening on all interfaces, port=9312
[Wed May  6 16:52:38.991 2015] [ 8216] listening on all interfaces, port=9306
[Wed May  6 16:52:38.999 2015] [ 8216] rotating index 'test1': success
[Wed May  6 16:52:39.002 2015] [ 8216] accepting connections
[Thu May  7 11:33:57.894 2015] [ 2960] listening on all interfaces, port=9312
[Thu May  7 11:33:57.895 2015] [ 2960] listening on all interfaces, port=9306
[Thu May  7 11:33:57.903 2015] [ 2960] binlog: replaying log E:\wamp\www\AccountManagerInterface\Sphinx\data/binlog.001
[Thu May  7 11:33:57.903 2015] [ 2960] binlog: replay stats: 0 rows in 0 commits; 0 updates, 0 reconfigure; 0 indexes
[Thu May  7 11:33:57.903 2015] [ 2960] binlog: finished replaying E:\wamp\www\AccountManagerInterface\Sphinx\data/binlog.001; 0.0 MB in 0.000 sec
[Thu May  7 11:33:57.903 2015] [ 2960] binlog: finished replaying total 1 in 0.000 sec
[Thu May  7 11:33:57.908 2015] [ 2960] accepting connections
[Thu May  7 11:34:13.323 2015] [ 2960] rt: index testrt: ramchunk saved in 0.011 sec
[Thu May  7 11:34:13.328 2015] [ 2960] shutdown complete
[Thu May  7 11:34:35.003 2015] [ 6468] listening on all interfaces, port=9312
[Thu May  7 11:34:35.003 2015] [ 6468] listening on all interfaces, port=9306
[Thu May  7 11:34:35.007 2015] [ 6468] accepting connections
[Thu May  7 11:34:42.783 2015] [ 6468] rt: index testrt: ramchunk saved in 0.007 sec
[Thu May  7 11:34:42.848 2015] [ 6468] shutdown complete
[Thu May  7 11:35:00.697 2015] [ 6408] listening on all interfaces, port=9312
[Thu May  7 11:35:00.697 2015] [ 6408] listening on all interfaces, port=9306
[Thu May  7 11:35:00.702 2015] [ 6408] accepting connections
[Thu May  7 11:39:29.959 2015] [ 6408] rt: index testrt: ramchunk saved in 0.001 sec
[Thu May  7 11:39:29.987 2015] [ 6408] shutdown complete
[Thu May  7 11:39:51.602 2015] [ 6680] listening on all interfaces, port=9312
[Thu May  7 11:39:51.602 2015] [ 6680] listening on all interfaces, port=9306
[Thu May  7 11:39:51.606 2015] [ 6680] accepting connections
[Thu May  7 11:50:22.892 2015] [ 6680] rt: index testrt: ramchunk saved in 0.002 sec
[Thu May  7 11:50:22.988 2015] [ 6680] shutdown complete
[Thu May  7 11:50:32.360 2015] [ 2060] listening on all interfaces, port=9312
[Thu May  7 11:50:32.360 2015] [ 2060] listening on all interfaces, port=9306
[Thu May  7 11:50:32.383 2015] [ 2060] WARNING: index 'test1': preload: failed to open E:\wamp\www\AccountManagerInterface\Sphinx\data\test1.sph: No such file or directory; NOT SERVING
[Thu May  7 11:50:32.385 2015] [ 2060] accepting connections
[Thu May  7 11:52:02.635 2015] [ 2060] rt: index testrt: ramchunk saved in 0.003 sec
[Thu May  7 11:52:02.672 2015] [ 2060] shutdown complete
[Thu May  7 11:52:13.785 2015] [ 9000] listening on all interfaces, port=9312
[Thu May  7 11:52:13.786 2015] [ 9000] listening on all interfaces, port=9306
[Thu May  7 11:52:13.789 2015] [ 9000] accepting connections
[Thu May  7 11:53:01.221 2015] [ 9000] rt: index testrt: ramchunk saved in 0.002 sec
[Thu May  7 11:53:01.258 2015] [ 9000] shutdown complete
[Thu May  7 11:53:13.034 2015] [ 7188] listening on all interfaces, port=9312
[Thu May  7 11:53:13.034 2015] [ 7188] listening on all interfaces, port=9306
[Thu May  7 11:53:13.035 2015] [ 7188] WARNING: index 'test1': duplicate attribute name: content
[Thu May  7 11:53:13.038 2015] [ 7188] accepting connections
[Thu May  7 11:53:55.385 2015] [ 7188] rt: index testrt: ramchunk saved in 0.002 sec
[Thu May  7 11:53:55.389 2015] [ 7188] shutdown complete
[Thu May  7 11:54:00.065 2015] [ 8412] listening on all interfaces, port=9312
[Thu May  7 11:54:00.065 2015] [ 8412] listening on all interfaces, port=9306
[Thu May  7 11:54:00.066 2015] [ 8412] WARNING: index 'test1': duplicate attribute name: content
[Thu May  7 11:54:00.069 2015] [ 8412] accepting connections
[Thu May  7 11:54:02.698 2015] [ 8412] rt: index testrt: ramchunk saved in 0.002 sec
[Thu May  7 11:54:02.706 2015] [ 8412] shutdown complete
[Thu May  7 11:54:26.001 2015] [  212] listening on all interfaces, port=9312
[Thu May  7 11:54:26.002 2015] [  212] listening on all interfaces, port=9306
[Thu May  7 11:54:26.006 2015] [  212] accepting connections
[Thu May  7 11:54:55.801 2015] [  212] rt: index testrt: ramchunk saved in 0.002 sec
[Thu May  7 11:54:55.885 2015] [  212] shutdown complete
[Thu May  7 11:55:20.674 2015] [ 3316] listening on all interfaces, port=9312
[Thu May  7 11:55:20.674 2015] [ 3316] listening on all interfaces, port=9306
[Thu May  7 11:55:20.678 2015] [ 3316] accepting connections
[Thu May  7 11:55:48.559 2015] [ 3316] rt: index testrt: ramchunk saved in 0.002 sec
[Thu May  7 11:55:48.568 2015] [ 3316] shutdown complete
[Thu May  7 11:55:55.363 2015] [ 6680] listening on all interfaces, port=9312
[Thu May  7 11:55:55.363 2015] [ 6680] listening on all interfaces, port=9306
[Thu May  7 11:55:55.367 2015] [ 6680] accepting connections
[Thu May  7 11:56:04.163 2015] [ 6680] rt: index testrt: ramchunk saved in 0.002 sec
[Thu May  7 11:56:04.233 2015] [ 6680] shutdown complete
[Thu May  7 11:56:42.162 2015] [ 4640] listening on all interfaces, port=9312
[Thu May  7 11:56:42.163 2015] [ 4640] listening on all interfaces, port=9306
[Thu May  7 11:56:42.167 2015] [ 4640] accepting connections
[Thu May  7 11:58:14.623 2015] [ 4640] rt: index testrt: ramchunk saved in 0.004 sec
[Thu May  7 11:58:14.665 2015] [ 4640] shutdown complete
[Thu May  7 11:58:49.003 2015] [ 5932] listening on all interfaces, port=9312
[Thu May  7 11:58:49.003 2015] [ 5932] listening on all interfaces, port=9306
[Thu May  7 11:58:49.006 2015] [ 5932] accepting connections
[Thu May  7 12:11:16.747 2015] [ 5932] rt: index testrt: ramchunk saved in 0.005 sec
[Thu May  7 12:11:16.760 2015] [ 5932] shutdown complete
[Thu May  7 12:11:34.642 2015] [ 5892] listening on all interfaces, port=9312
[Thu May  7 12:11:34.643 2015] [ 5892] listening on all interfaces, port=9306
[Thu May  7 12:11:34.651 2015] [ 5892] accepting connections
[Thu May  7 12:25:56.293 2015] [ 5892] rt: index testrt: ramchunk saved in 0.002 sec
[Thu May  7 12:25:56.361 2015] [ 5892] shutdown complete
[Thu May  7 12:26:12.644 2015] [  768] listening on all interfaces, port=9312
[Thu May  7 12:26:12.645 2015] [  768] listening on all interfaces, port=9306
[Thu May  7 12:26:12.651 2015] [  768] accepting connections
[Thu May  7 12:31:12.502 2015] [  768] rt: index testrt: ramchunk saved in 0.002 sec
[Thu May  7 12:31:12.600 2015] [  768] shutdown complete
[Thu May  7 12:31:22.107 2015] [ 5968] listening on all interfaces, port=9312
[Thu May  7 12:31:22.107 2015] [ 5968] listening on all interfaces, port=9306
[Thu May  7 12:31:22.111 2015] [ 5968] accepting connections
[Thu May  7 12:34:51.625 2015] [ 5968] rt: index testrt: ramchunk saved in 0.002 sec
[Thu May  7 12:34:51.695 2015] [ 5968] shutdown complete
[Thu May  7 12:35:04.709 2015] [  396] listening on all interfaces, port=9312
[Thu May  7 12:35:04.709 2015] [  396] listening on all interfaces, port=9306
[Thu May  7 12:35:04.712 2015] [  396] accepting connections
[Thu May  7 12:38:08.157 2015] [  396] rt: index testrt: ramchunk saved in 0.001 sec
[Thu May  7 12:38:08.175 2015] [  396] shutdown complete
[Thu May  7 12:39:12.555 2015] [ 5348] listening on all interfaces, port=9312
[Thu May  7 12:39:12.556 2015] [ 5348] listening on all interfaces, port=9306
[Thu May  7 12:39:12.560 2015] [ 5348] accepting connections
[Thu May  7 13:04:54.533 2015] [ 5348] rt: index testrt: ramchunk saved in 0.003 sec
[Thu May  7 13:04:54.608 2015] [ 5348] shutdown complete
[Thu May  7 13:05:14.776 2015] [ 3288] listening on all interfaces, port=9312
[Thu May  7 13:05:14.776 2015] [ 3288] listening on all interfaces, port=9306
[Thu May  7 13:05:14.780 2015] [ 3288] accepting connections
[Thu May  7 13:05:18.220 2015] [ 3288] rt: index testrt: ramchunk saved in 0.002 sec
[Thu May  7 13:05:18.240 2015] [ 3288] shutdown complete
[Thu May  7 13:06:10.733 2015] [ 6160] listening on all interfaces, port=9312
[Thu May  7 13:06:10.733 2015] [ 6160] listening on all interfaces, port=9306
[Thu May  7 13:06:10.737 2015] [ 6160] accepting connections
[Thu May  7 13:10:40.380 2015] [ 6160] rt: index testrt: ramchunk saved in 0.002 sec
[Thu May  7 13:10:40.442 2015] [ 6160] shutdown complete
[Thu May  7 13:11:05.078 2015] [ 1064] listening on all interfaces, port=9312
[Thu May  7 13:11:05.079 2015] [ 1064] listening on all interfaces, port=9306
[Thu May  7 13:11:05.082 2015] [ 1064] accepting connections
[Thu May  7 13:13:04.277 2015] [ 1064] rt: index testrt: ramchunk saved in 0.002 sec
[Thu May  7 13:13:04.316 2015] [ 1064] shutdown complete
[Thu May  7 13:13:50.142 2015] [ 4972] listening on all interfaces, port=9312
[Thu May  7 13:13:50.142 2015] [ 4972] listening on all interfaces, port=9306
[Thu May  7 13:13:50.145 2015] [ 4972] accepting connections
[Thu May  7 14:43:15.603 2015] [ 4972] rt: index testrt: ramchunk saved in 0.004 sec
[Thu May  7 14:43:15.697 2015] [ 4972] shutdown complete
[Thu May  7 14:45:21.909 2015] [ 7148] listening on all interfaces, port=9312
[Thu May  7 14:45:21.910 2015] [ 7148] listening on all interfaces, port=9306
[Thu May  7 14:45:21.915 2015] [ 7148] accepting connections
[Thu May  7 14:45:39.387 2015] [ 7148] shutdown complete
[Thu May  7 14:46:02.932 2015] [ 5152] listening on all interfaces, port=9312
[Thu May  7 14:46:02.933 2015] [ 5152] listening on all interfaces, port=9306
[Thu May  7 14:46:02.936 2015] [ 5152] binlog: replaying log E:/wamp/www/AccountManagerInterface/Sphinx/data/binlog.001
[Thu May  7 14:46:02.936 2015] [ 5152] binlog: replay stats: 0 rows in 0 commits; 0 updates, 0 reconfigure; 0 indexes
[Thu May  7 14:46:02.936 2015] [ 5152] binlog: finished replaying E:/wamp/www/AccountManagerInterface/Sphinx/data/binlog.001; 0.0 MB in 0.000 sec
[Thu May  7 14:46:02.936 2015] [ 5152] binlog: finished replaying total 1 in 0.000 sec
[Thu May  7 14:46:02.938 2015] [ 5152] accepting connections
[Thu May  7 15:20:32.724 2015] [ 5152] shutdown complete
[Thu May  7 15:22:18.160 2015] [ 7760] listening on all interfaces, port=9312
[Thu May  7 15:22:18.160 2015] [ 7760] listening on all interfaces, port=9306
[Thu May  7 15:22:18.174 2015] [ 7760] binlog: replaying log E:/wamp/www/AccountManagerInterface/Sphinx/data/binlog.001
[Thu May  7 15:22:18.175 2015] [ 7760] binlog: replay stats: 0 rows in 0 commits; 0 updates, 0 reconfigure; 0 indexes
[Thu May  7 15:22:18.175 2015] [ 7760] binlog: finished replaying E:/wamp/www/AccountManagerInterface/Sphinx/data/binlog.001; 0.0 MB in 0.000 sec
[Thu May  7 15:22:18.175 2015] [ 7760] binlog: replaying log E:/wamp/www/AccountManagerInterface/Sphinx/data/binlog.001
[Thu May  7 15:22:18.175 2015] [ 7760] binlog: replay stats: 0 rows in 0 commits; 0 updates, 0 reconfigure; 0 indexes
[Thu May  7 15:22:18.175 2015] [ 7760] binlog: finished replaying E:/wamp/www/AccountManagerInterface/Sphinx/data/binlog.001; 0.0 MB in 0.000 sec
[Thu May  7 15:22:18.175 2015] [ 7760] binlog: finished replaying total 2 in 0.000 sec
[Thu May  7 15:22:18.176 2015] [ 7760] accepting connections
[Thu May  7 16:17:36.466 2015] [ 7760] shutdown complete
[Thu May  7 16:28:35.995 2015] [  912] listening on all interfaces, port=9312
[Thu May  7 16:28:35.995 2015] [  912] listening on all interfaces, port=9306
[Thu May  7 16:28:36.034 2015] [  912] binlog: replaying log E:/wamp/www/AccountManagerInterface/Sphinx/data/binlog.001
[Thu May  7 16:28:36.034 2015] [  912] binlog: replay stats: 0 rows in 0 commits; 0 updates, 0 reconfigure; 0 indexes
[Thu May  7 16:28:36.034 2015] [  912] binlog: finished replaying E:/wamp/www/AccountManagerInterface/Sphinx/data/binlog.001; 0.0 MB in 0.000 sec
[Thu May  7 16:28:36.034 2015] [  912] binlog: replaying log E:/wamp/www/AccountManagerInterface/Sphinx/data/binlog.001
[Thu May  7 16:28:36.034 2015] [  912] binlog: replay stats: 0 rows in 0 commits; 0 updates, 0 reconfigure; 0 indexes
[Thu May  7 16:28:36.034 2015] [  912] binlog: finished replaying E:/wamp/www/AccountManagerInterface/Sphinx/data/binlog.001; 0.0 MB in 0.000 sec
[Thu May  7 16:28:36.034 2015] [  912] binlog: replaying log E:/wamp/www/AccountManagerInterface/Sphinx/data/binlog.001
[Thu May  7 16:28:36.034 2015] [  912] binlog: replay stats: 0 rows in 0 commits; 0 updates, 0 reconfigure; 0 indexes
[Thu May  7 16:28:36.034 2015] [  912] binlog: finished replaying E:/wamp/www/AccountManagerInterface/Sphinx/data/binlog.001; 0.0 MB in 0.000 sec
[Thu May  7 16:28:36.034 2015] [  912] binlog: finished replaying total 3 in 0.000 sec
[Thu May  7 16:28:36.036 2015] [  912] accepting connections
[Thu May  7 16:33:21.692 2015] [  912] WARNING: failed to receive MySQL request body (client=127.0.0.1:18881(1), exp=0, error='WSA error 0')
[Thu May  7 16:33:30.457 2015] [  912] WARNING: failed to receive MySQL request body (client=127.0.0.1:18898(2), exp=0, error='WSA error 0')
[Fri May  8 14:31:44.460 2015] [  912] shutdown complete
[Fri May  8 14:38:31.089 2015] [ 7464] listening on all interfaces, port=9312
[Fri May  8 14:38:31.090 2015] [ 7464] listening on all interfaces, port=9306
[Fri May  8 14:38:31.115 2015] [ 7464] binlog: replaying log E:/wamp/www/AccountManagerInterface/Sphinx/data/binlog.001
[Fri May  8 14:38:31.115 2015] [ 7464] binlog: replay stats: 0 rows in 0 commits; 0 updates, 0 reconfigure; 0 indexes
[Fri May  8 14:38:31.115 2015] [ 7464] binlog: finished replaying E:/wamp/www/AccountManagerInterface/Sphinx/data/binlog.001; 0.0 MB in 0.000 sec
[Fri May  8 14:38:31.115 2015] [ 7464] binlog: replaying log E:/wamp/www/AccountManagerInterface/Sphinx/data/binlog.001
[Fri May  8 14:38:31.115 2015] [ 7464] binlog: replay stats: 0 rows in 0 commits; 0 updates, 0 reconfigure; 0 indexes
[Fri May  8 14:38:31.115 2015] [ 7464] binlog: finished replaying E:/wamp/www/AccountManagerInterface/Sphinx/data/binlog.001; 0.0 MB in 0.000 sec
[Fri May  8 14:38:31.115 2015] [ 7464] binlog: replaying log E:/wamp/www/AccountManagerInterface/Sphinx/data/binlog.001
[Fri May  8 14:38:31.115 2015] [ 7464] binlog: replay stats: 0 rows in 0 commits; 0 updates, 0 reconfigure; 0 indexes
[Fri May  8 14:38:31.115 2015] [ 7464] binlog: finished replaying E:/wamp/www/AccountManagerInterface/Sphinx/data/binlog.001; 0.0 MB in 0.000 sec
[Fri May  8 14:38:31.115 2015] [ 7464] binlog: replaying log E:/wamp/www/AccountManagerInterface/Sphinx/data/binlog.001
[Fri May  8 14:38:31.115 2015] [ 7464] binlog: replay stats: 0 rows in 0 commits; 0 updates, 0 reconfigure; 0 indexes
[Fri May  8 14:38:31.115 2015] [ 7464] binlog: finished replaying E:/wamp/www/AccountManagerInterface/Sphinx/data/binlog.001; 0.0 MB in 0.000 sec
[Fri May  8 14:38:31.115 2015] [ 7464] binlog: finished replaying total 4 in 0.000 sec
[Fri May  8 14:38:31.117 2015] [ 7464] accepting connections
[Sun May 10 11:43:43.492 2015] [ 7464] shutdown complete
[Sun May 10 11:59:37.474 2015] [ 9448] listening on all interfaces, port=9312
[Sun May 10 11:59:37.475 2015] [ 9448] listening on all interfaces, port=9306
[Sun May 10 11:59:37.496 2015] [ 9448] binlog: replaying log E:/wamp/www/AccountManagerInterface/Sphinx/data/binlog.001
[Sun May 10 11:59:37.496 2015] [ 9448] binlog: replay stats: 0 rows in 0 commits; 0 updates, 0 reconfigure; 0 indexes
[Sun May 10 11:59:37.496 2015] [ 9448] binlog: finished replaying E:/wamp/www/AccountManagerInterface/Sphinx/data/binlog.001; 0.0 MB in 0.000 sec
[Sun May 10 11:59:37.496 2015] [ 9448] binlog: replaying log E:/wamp/www/AccountManagerInterface/Sphinx/data/binlog.001
[Sun May 10 11:59:37.496 2015] [ 9448] binlog: replay stats: 0 rows in 0 commits; 0 updates, 0 reconfigure; 0 indexes
[Sun May 10 11:59:37.496 2015] [ 9448] binlog: finished replaying E:/wamp/www/AccountManagerInterface/Sphinx/data/binlog.001; 0.0 MB in 0.000 sec
[Sun May 10 11:59:37.496 2015] [ 9448] binlog: replaying log E:/wamp/www/AccountManagerInterface/Sphinx/data/binlog.001
[Sun May 10 11:59:37.496 2015] [ 9448] binlog: replay stats: 0 rows in 0 commits; 0 updates, 0 reconfigure; 0 indexes
[Sun May 10 11:59:37.496 2015] [ 9448] binlog: finished replaying E:/wamp/www/AccountManagerInterface/Sphinx/data/binlog.001; 0.0 MB in 0.000 sec
[Sun May 10 11:59:37.496 2015] [ 9448] binlog: replaying log E:/wamp/www/AccountManagerInterface/Sphinx/data/binlog.001
[Sun May 10 11:59:37.496 2015] [ 9448] binlog: replay stats: 0 rows in 0 commits; 0 updates, 0 reconfigure; 0 indexes
[Sun May 10 11:59:37.496 2015] [ 9448] binlog: finished replaying E:/wamp/www/AccountManagerInterface/Sphinx/data/binlog.001; 0.0 MB in 0.000 sec
[Sun May 10 11:59:37.496 2015] [ 9448] binlog: replaying log E:/wamp/www/AccountManagerInterface/Sphinx/data/binlog.001
[Sun May 10 11:59:37.496 2015] [ 9448] binlog: replay stats: 0 rows in 0 commits; 0 updates, 0 reconfigure; 0 indexes
[Sun May 10 11:59:37.496 2015] [ 9448] binlog: finished replaying E:/wamp/www/AccountManagerInterface/Sphinx/data/binlog.001; 0.0 MB in 0.000 sec
[Sun May 10 11:59:37.496 2015] [ 9448] binlog: finished replaying total 5 in 0.000 sec
[Sun May 10 11:59:37.498 2015] [ 9448] accepting connections
[Sun May 10 12:06:18.322 2015] [ 9448] shutdown complete
[Sun May 10 12:28:51.173 2015] [ 6260] listening on all interfaces, port=9312
[Sun May 10 12:28:51.174 2015] [ 6260] listening on all interfaces, port=9306
[Sun May 10 12:28:51.213 2015] [ 6260] binlog: replaying log E:/wamp/www/AccountManagerInterface/Sphinx/data/binlog.001
[Sun May 10 12:28:51.213 2015] [ 6260] binlog: replay stats: 0 rows in 0 commits; 0 updates, 0 reconfigure; 0 indexes
[Sun May 10 12:28:51.213 2015] [ 6260] binlog: finished replaying E:/wamp/www/AccountManagerInterface/Sphinx/data/binlog.001; 0.0 MB in 0.000 sec
[Sun May 10 12:28:51.213 2015] [ 6260] binlog: replaying log E:/wamp/www/AccountManagerInterface/Sphinx/data/binlog.001
[Sun May 10 12:28:51.213 2015] [ 6260] binlog: replay stats: 0 rows in 0 commits; 0 updates, 0 reconfigure; 0 indexes
[Sun May 10 12:28:51.213 2015] [ 6260] binlog: finished replaying E:/wamp/www/AccountManagerInterface/Sphinx/data/binlog.001; 0.0 MB in 0.000 sec
[Sun May 10 12:28:51.213 2015] [ 6260] binlog: replaying log E:/wamp/www/AccountManagerInterface/Sphinx/data/binlog.001
[Sun May 10 12:28:51.213 2015] [ 6260] binlog: replay stats: 0 rows in 0 commits; 0 updates, 0 reconfigure; 0 indexes
[Sun May 10 12:28:51.213 2015] [ 6260] binlog: finished replaying E:/wamp/www/AccountManagerInterface/Sphinx/data/binlog.001; 0.0 MB in 0.000 sec
[Sun May 10 12:28:51.213 2015] [ 6260] binlog: replaying log E:/wamp/www/AccountManagerInterface/Sphinx/data/binlog.001
[Sun May 10 12:28:51.213 2015] [ 6260] binlog: replay stats: 0 rows in 0 commits; 0 updates, 0 reconfigure; 0 indexes
[Sun May 10 12:28:51.213 2015] [ 6260] binlog: finished replaying E:/wamp/www/AccountManagerInterface/Sphinx/data/binlog.001; 0.0 MB in 0.000 sec
[Sun May 10 12:28:51.213 2015] [ 6260] binlog: replaying log E:/wamp/www/AccountManagerInterface/Sphinx/data/binlog.001
[Sun May 10 12:28:51.213 2015] [ 6260] binlog: replay stats: 0 rows in 0 commits; 0 updates, 0 reconfigure; 0 indexes
[Sun May 10 12:28:51.213 2015] [ 6260] binlog: finished replaying E:/wamp/www/AccountManagerInterface/Sphinx/data/binlog.001; 0.0 MB in 0.000 sec
[Sun May 10 12:28:51.213 2015] [ 6260] binlog: replaying log E:/wamp/www/AccountManagerInterface/Sphinx/data/binlog.001
[Sun May 10 12:28:51.213 2015] [ 6260] binlog: replay stats: 0 rows in 0 commits; 0 updates, 0 reconfigure; 0 indexes
[Sun May 10 12:28:51.213 2015] [ 6260] binlog: finished replaying E:/wamp/www/AccountManagerInterface/Sphinx/data/binlog.001; 0.0 MB in 0.000 sec
[Sun May 10 12:28:51.213 2015] [ 6260] binlog: finished replaying total 6 in 0.000 sec
[Sun May 10 12:28:51.215 2015] [ 6260] accepting connections
[Sun May 10 12:47:54.859 2015] [ 6260] WARNING: failed to receive MySQL request body (client=127.0.0.1:7577(11), exp=0, error='WSA error 0')
[Sun May 10 12:48:04.427 2015] [ 6260] WARNING: failed to receive MySQL request body (client=127.0.0.1:7609(12), exp=0, error='WSA error 0')
